<?xml version="1.0" encoding="UTF-8"?>
<!-- Generated by org.testng.reporters.JUnitReportReporter -->
<testsuite hostname="AZMAL" failures="0" tests="2" name="ebankingPracticeTest.NewAccountTest" time="9.175" errors="0" timestamp="2022-09-20T10:37:43 IST" skipped="0">
  <testcase classname="ebankingPracticeTest.NewAccountTest" name="testNewAccountWithInvalidData" time="8.349"/>
  <system-out/>
  <testcase classname="ebankingPracticeTest.NewAccountTest" name="testNewAccountWithValidData" time="0.826"/>
  <system-out/>
</testsuite> <!-- ebankingPracticeTest.NewAccountTest -->
