<?xml version="1.0" encoding="UTF-8"?>
<!-- Generated by org.testng.reporters.JUnitReportReporter -->
<testsuite hostname="AZMAL" failures="0" tests="1" name="ebankingPracticeTest.AddNewCustomerTest" time="32.985" errors="0" timestamp="2022-09-16T15:27:32 IST" skipped="0">
  <testcase classname="ebankingPracticeTest.AddNewCustomerTest" name="testAddNewCustomerFieldsWithValidDetails" time="32.985"/>
  <system-out/>
</testsuite> <!-- ebankingPracticeTest.AddNewCustomerTest -->
