<?xml version="1.0" encoding="UTF-8"?>
<!-- Generated by org.testng.reporters.JUnitReportReporter -->
<testsuite hostname="AZMAL" failures="0" tests="2" name="ebankingPracticeTest.DepositTest" time="14.158" errors="0" timestamp="2022-09-20T11:39:40 IST" skipped="0">
  <testcase classname="ebankingPracticeTest.DepositTest" name="testDepositWithValidData" time="1.737"/>
  <system-out/>
  <testcase classname="ebankingPracticeTest.DepositTest" name="testDepositWithInvalidData" time="12.421"/>
  <system-out/>
</testsuite> <!-- ebankingPracticeTest.DepositTest -->
