<?xml version="1.0" encoding="UTF-8"?>
<!-- Generated by org.testng.reporters.JUnitReportReporter -->
<testsuite hostname="AZMAL" failures="0" tests="3" name="ebankingLoginTest.EBankingLoginTest" time="3.846" errors="0" timestamp="2022-09-20T17:59:14 IST" skipped="0">
  <testcase classname="ebankingLoginTest.EBankingLoginTest" name="testResetUserIdAndpassword" time="0.438"/>
  <system-out/>
  <testcase classname="ebankingLoginTest.EBankingLoginTest" name="testLoginWithValidUserIdAndPassword" time="2.617"/>
  <system-out/>
  <testcase classname="ebankingLoginTest.EBankingLoginTest" name="testLogoutFromAccount" time="0.791"/>
  <system-out/>
</testsuite> <!-- ebankingLoginTest.EBankingLoginTest -->
