<?xml version="1.0" encoding="UTF-8"?>
<!-- Generated by org.testng.reporters.JUnitReportReporter -->
<testsuite hostname="AZMAL" failures="0" tests="2" name="ebankingPracticeTest.NewAccountTest" time="5.803" errors="0" timestamp="2022-09-16T16:26:39 IST" skipped="0">
  <testcase classname="ebankingPracticeTest.NewAccountTest" name="testNewAccountWithInvalidData" time="5.071"/>
  <system-out/>
  <testcase classname="ebankingPracticeTest.NewAccountTest" name="testNewAccountWithValidData" time="0.732"/>
  <system-out/>
</testsuite> <!-- ebankingPracticeTest.NewAccountTest -->
