<?xml version="1.0" encoding="UTF-8"?>
<!-- Generated by org.testng.reporters.JUnitReportReporter -->
<testsuite hostname="AZMAL" failures="0" tests="2" name="ebankingPracticeTest.DepositTest" time="9.558" errors="0" timestamp="2022-09-20T17:59:14 IST" skipped="0">
  <testcase classname="ebankingPracticeTest.DepositTest" name="testDepositWithValidData" time="1.807"/>
  <system-out/>
  <testcase classname="ebankingPracticeTest.DepositTest" name="testDepositWithInvalidData" time="7.751"/>
  <system-out/>
</testsuite> <!-- ebankingPracticeTest.DepositTest -->
