<?xml version="1.0" encoding="UTF-8"?>
<!-- Generated by org.testng.reporters.JUnitReportReporter -->
<testsuite hostname="AZMAL" failures="0" tests="2" name="ebankingLoginTest.EBankingLoginTest" time="12.807" errors="0" timestamp="2022-09-16T15:27:32 IST" skipped="0">
  <testcase classname="ebankingLoginTest.EBankingLoginTest" name="testResetUserIdAndpassword" time="0.337"/>
  <system-out/>
  <testcase classname="ebankingLoginTest.EBankingLoginTest" name="testLoginWithValidUserIdAndPassword" time="12.470"/>
  <system-out/>
</testsuite> <!-- ebankingLoginTest.EBankingLoginTest -->
