<?xml version="1.0" encoding="UTF-8"?>
<!-- Generated by org.testng.reporters.JUnitReportReporter -->
<testsuite hostname="AZMAL" failures="0" tests="1" name="ebankingPracticeTest.AddNewCustomerTest" time="7.215" errors="0" timestamp="2022-09-20T17:59:14 IST" skipped="0">
  <testcase classname="ebankingPracticeTest.AddNewCustomerTest" name="testAddNewCustomerFieldsWithValidDetails" time="7.215"/>
  <system-out/>
</testsuite> <!-- ebankingPracticeTest.AddNewCustomerTest -->
